# JRE version: OpenJDK Runtime Environment (7.0_79-b14) (build 1.7.0_79-b14)
# Java VM: OpenJDK 64-Bit Server VM (24.79-b02 mixed mode linux-amd64 compressed oops)
Heap
 PSYoungGen      total 115712K, used 59119K [0x00000000f8000000, 0x00000000fff00000, 0x0000000100000000)
  eden space 101376K, 51% used [0x00000000f8000000,0x00000000fb326468,0x00000000fe300000)
  from space 14336K, 47% used [0x00000000ff080000,0x00000000ff7157d8,0x00000000ffe80000)
  to   space 13824K, 0% used [0x00000000fe300000,0x00000000fe300000,0x00000000ff080000)
 ParOldGen       total 130560K, used 50222K [0x00000000e8000000, 0x00000000eff80000, 0x00000000f8000000)
  object space 130560K, 38% used [0x00000000e8000000,0x00000000eb10bb10,0x00000000eff80000)
 PSPermGen       total 110080K, used 72252K [0x00000000d8000000, 0x00000000deb80000, 0x00000000e8000000)
  object space 110080K, 65% used [0x00000000d8000000,0x00000000dc68f0b0,0x00000000deb80000)
GC Heap History (10 events):
Event: 159,683 GC heap before
{Heap before GC invocations=77 (full 4):
 PSYoungGen      total 113152K, used 104892K [0x00000000f8000000, 0x00000000ffe80000, 0x0000000100000000)
  eden space 98816K, 100% used [0x00000000f8000000,0x00000000fe080000,0x00000000fe080000)
  from space 14336K, 42% used [0x00000000ff080000,0x00000000ff66f128,0x00000000ffe80000)
  to   space 15360K, 0% used [0x00000000fe080000,0x00000000fe080000,0x00000000fef80000)
 ParOldGen       total 130560K, used 124074K [0x00000000e8000000, 0x00000000eff80000, 0x00000000f8000000)
  object space 130560K, 95% used [0x00000000e8000000,0x00000000ef92a978,0x00000000eff80000)
 PSPermGen       total 108032K, used 69275K [0x00000000d8000000, 0x00000000de980000, 0x00000000e8000000)
  object space 108032K, 64% used [0x00000000d8000000,0x00000000dc3a6ce0,0x00000000de980000)
Event: 159,688 GC heap after
Heap after GC invocations=77 (full 4):
 PSYoungGen      total 114176K, used 4943K [0x00000000f8000000, 0x0000000100000000, 0x0000000100000000)
  eden space 98816K, 0% used [0x00000000f8000000,0x00000000f8000000,0x00000000fe080000)
  from space 15360K, 32% used [0x00000000fe080000,0x00000000fe553e00,0x00000000fef80000)
  to   space 14848K, 0% used [0x00000000ff180000,0x00000000ff180000,0x0000000100000000)
 ParOldGen       total 130560K, used 124642K [0x00000000e8000000, 0x00000000eff80000, 0x00000000f8000000)
  object space 130560K, 95% used [0x00000000e8000000,0x00000000ef9b8ac8,0x00000000eff80000)
 PSPermGen       total 108032K, used 69275K [0x00000000d8000000, 0x00000000de980000, 0x00000000e8000000)
  object space 108032K, 64% used [0x00000000d8000000,0x00000000dc3a6ce0,0x00000000de980000)
}
Event: 160,272 GC heap before
{Heap before GC invocations=78 (full 4):
 PSYoungGen      total 114176K, used 103759K [0x00000000f8000000, 0x0000000100000000, 0x0000000100000000)
  eden space 98816K, 100% used [0x00000000f8000000,0x00000000fe080000,0x00000000fe080000)
  from space 15360K, 32% used [0x00000000fe080000,0x00000000fe553e00,0x00000000fef80000)
  to   space 14848K, 0% used [0x00000000ff180000,0x00000000ff180000,0x0000000100000000)
 ParOldGen       total 130560K, used 124642K [0x00000000e8000000, 0x00000000eff80000, 0x00000000f8000000)
  object space 130560K, 95% used [0x00000000e8000000,0x00000000ef9b8ac8,0x00000000eff80000)
 PSPermGen       total 108032K, used 69279K [0x00000000d8000000, 0x00000000de980000, 0x00000000e8000000)
  object space 108032K, 64% used [0x00000000d8000000,0x00000000dc3a7ca8,0x00000000de980000)
Event: 160,277 GC heap after
Heap after GC invocations=78 (full 4):
 PSYoungGen      total 114176K, used 4192K [0x00000000f8000000, 0x00000000ffe80000, 0x0000000100000000)
  eden space 100864K, 0% used [0x00000000f8000000,0x00000000f8000000,0x00000000fe280000)
  from space 13312K, 31% used [0x00000000ff180000,0x00000000ff598028,0x00000000ffe80000)
  to   space 14336K, 0% used [0x00000000fe280000,0x00000000fe280000,0x00000000ff080000)
 ParOldGen       total 130560K, used 124883K [0x00000000e8000000, 0x00000000eff80000, 0x00000000f8000000)
  object space 130560K, 95% used [0x00000000e8000000,0x00000000ef9f4ce8,0x00000000eff80000)
 PSPermGen       total 108032K, used 69279K [0x00000000d8000000, 0x00000000de980000, 0x00000000e8000000)
  object space 108032K, 64% used [0x00000000d8000000,0x00000000dc3a7ca8,0x00000000de980000)
}
Event: 162,257 GC heap before
{Heap before GC invocations=79 (full 4):
 PSYoungGen      total 114176K, used 31918K [0x00000000f8000000, 0x00000000ffe80000, 0x0000000100000000)
  eden space 100864K, 27% used [0x00000000f8000000,0x00000000f9b13ad0,0x00000000fe280000)
  from space 13312K, 31% used [0x00000000ff180000,0x00000000ff598028,0x00000000ffe80000)
  to   space 14336K, 0% used [0x00000000fe280000,0x00000000fe280000,0x00000000ff080000)
 ParOldGen       total 130560K, used 124883K [0x00000000e8000000, 0x00000000eff80000, 0x00000000f8000000)
  object space 130560K, 95% used [0x00000000e8000000,0x00000000ef9f4ce8,0x00000000eff80000)
 PSPermGen       total 108032K, used 69333K [0x00000000d8000000, 0x00000000de980000, 0x00000000e8000000)
  object space 108032K, 64% used [0x00000000d8000000,0x00000000dc3b57c0,0x00000000de980000)
Event: 162,263 GC heap after
Heap after GC invocations=79 (full 4):
 PSYoungGen      total 115200K, used 3904K [0x00000000f8000000, 0x00000000ffe80000, 0x0000000100000000)
  eden space 100864K, 0% used [0x00000000f8000000,0x00000000f8000000,0x00000000fe280000)
  from space 14336K, 27% used [0x00000000fe280000,0x00000000fe650000,0x00000000ff080000)
  to   space 14336K, 0% used [0x00000000ff080000,0x00000000ff080000,0x00000000ffe80000)
 ParOldGen       total 130560K, used 125231K [0x00000000e8000000, 0x00000000eff80000, 0x00000000f8000000)
  object space 130560K, 95% used [0x00000000e8000000,0x00000000efa4bff0,0x00000000eff80000)
 PSPermGen       total 108032K, used 69333K [0x00000000d8000000, 0x00000000de980000, 0x00000000e8000000)
  object space 108032K, 64% used [0x00000000d8000000,0x00000000dc3b57c0,0x00000000de980000)
}
Event: 162,263 GC heap before
{Heap before GC invocations=80 (full 5):
 PSYoungGen      total 115200K, used 3904K [0x00000000f8000000, 0x00000000ffe80000, 0x0000000100000000)
  eden space 100864K, 0% used [0x00000000f8000000,0x00000000f8000000,0x00000000fe280000)
  from space 14336K, 27% used [0x00000000fe280000,0x00000000fe650000,0x00000000ff080000)
  to   space 14336K, 0% used [0x00000000ff080000,0x00000000ff080000,0x00000000ffe80000)
 ParOldGen       total 130560K, used 125231K [0x00000000e8000000, 0x00000000eff80000, 0x00000000f8000000)
  object space 130560K, 95% used [0x00000000e8000000,0x00000000efa4bff0,0x00000000eff80000)
 PSPermGen       total 108032K, used 69333K [0x00000000d8000000, 0x00000000de980000, 0x00000000e8000000)
  object space 108032K, 64% used [0x00000000d8000000,0x00000000dc3b57c0,0x00000000de980000)
Event: 162,498 GC heap after
Heap after GC invocations=80 (full 5):
 PSYoungGen      total 115200K, used 0K [0x00000000f8000000, 0x00000000ffe80000, 0x0000000100000000)
  eden space 100864K, 0% used [0x00000000f8000000,0x00000000f8000000,0x00000000fe280000)
  from space 14336K, 0% used [0x00000000fe280000,0x00000000fe280000,0x00000000ff080000)
  to   space 14336K, 0% used [0x00000000ff080000,0x00000000ff080000,0x00000000ffe80000)
 ParOldGen       total 130560K, used 50222K [0x00000000e8000000, 0x00000000eff80000, 0x00000000f8000000)
  object space 130560K, 38% used [0x00000000e8000000,0x00000000eb10bb10,0x00000000eff80000)
 PSPermGen       total 110080K, used 69311K [0x00000000d8000000, 0x00000000deb80000, 0x00000000e8000000)
  object space 110080K, 62% used [0x00000000d8000000,0x00000000dc3afcd8,0x00000000deb80000)
}
Event: 180,313 GC heap before
{Heap before GC invocations=81 (full 5):
 PSYoungGen      total 115200K, used 100864K [0x00000000f8000000, 0x00000000ffe80000, 0x0000000100000000)
  eden space 100864K, 100% used [0x00000000f8000000,0x00000000fe280000,0x00000000fe280000)
  from space 14336K, 0% used [0x00000000fe280000,0x00000000fe280000,0x00000000ff080000)
  to   space 14336K, 0% used [0x00000000ff080000,0x00000000ff080000,0x00000000ffe80000)
 ParOldGen       total 130560K, used 50222K [0x00000000e8000000, 0x00000000eff80000, 0x00000000f8000000)
  object space 130560K, 38% used [0x00000000e8000000,0x00000000eb10bb10,0x00000000eff80000)
 PSPermGen       total 110080K, used 71125K [0x00000000d8000000, 0x00000000deb80000, 0x00000000e8000000)
  object space 110080K, 64% used [0x00000000d8000000,0x00000000dc5757f0,0x00000000deb80000)
Event: 180,319 GC heap after
Heap after GC invocations=81 (full 5):
 PSYoungGen      total 115712K, used 6741K [0x00000000f8000000, 0x00000000fff00000, 0x0000000100000000)
  eden space 101376K, 0% used [0x00000000f8000000,0x00000000f8000000,0x00000000fe300000)
  from space 14336K, 47% used [0x00000000ff080000,0x00000000ff7157d8,0x00000000ffe80000)
  to   space 13824K, 0% used [0x00000000fe300000,0x00000000fe300000,0x00000000ff080000)
 ParOldGen       total 130560K, used 50222K [0x00000000e8000000, 0x00000000eff80000, 0x00000000f8000000)
  object space 130560K, 38% used [0x00000000e8000000,0x00000000eb10bb10,0x00000000eff80000)
 PSPermGen       total 110080K, used 71125K [0x00000000d8000000, 0x00000000deb80000, 0x00000000e8000000)
  object space 110080K, 64% used [0x00000000d8000000,0x00000000dc5757f0,0x00000000deb80000)
}

